Sim Configuration
	Partner = Luxor Cab: SimRate = 00:00:10, StatusUpdateRate = 00:00:30
		PartnerFleets:
			PartnerFleet = Luxor Cab - SF((37.78906, -122.402127)): SimRate = 00:00:10, StatusUpdateRate = 00:00:30, MaxTripAdvancedNotice = 00:00:15, CriticalPeriod = 00:01:00, MissedPeriod = 00:01:00, RemovalAge = 00:05:00, NumTripsPeriodHour = 200
				Drivers:
					Alex Goldman(@(37.78906, -122.402127))
					Jason Fama(@(37.78906, -122.402127))
					Simon Shvarts(@(37.78906, -122.402127))
				Passengers:
					Elvis Presley
					John Riggins
					Bart Star
					Michelle Phieffer
					Zong Zi Yi
					Mickey Rourke
Simulation started at 13/01/2014 08:31:26 a. m.
	Time = 13/01/2014 08:31:26 a. m.
		Luxor Cab - SF
	Time = 13/01/2014 08:31:36 a. m.
		Luxor Cab - SF
	Time = 13/01/2014 08:31:46 a. m.
		Luxor Cab - SF
	Time = 13/01/2014 08:31:56 a. m.
		Luxor Cab - SF
			Pickup request: John Riggins requests to be picked up at Rua Elpídio Boamorte, 157-191 - Praça da Bandeira, Rio - Rio de Janeiro, 20270-170, Brazil on 13/01/2014 08:31:56 a. m. and dropped off at Rua Visconde de Niterói, 1338-1406 - Benfica, Rio - Rio de Janeiro, Brazil
				Queueing Trip11, Status = Queued, Origination/Service = Local, PickupLocation = Rua Elpídio Boamorte, 157-191 - Praça da Bandeira, Rio - Rio de Janeiro, 20270-170, Brazil, PickupTime = 13/01/2014 08:31:56 a. m., Passenger = John Riggins, DropoffLocation = Rua Visconde de Niterói, 1338-1406 - Benfica, Rio - Rio de Janeiro, Brazil
			Ready for dispatch: Trip11, Status = Queued, Origination/Service = Local, PickupLocation = Rua Elpídio Boamorte, 157-191 - Praça da Bandeira, Rio - Rio de Janeiro, 20270-170, Brazil, PickupTime = 13/01/2014 08:31:56 a. m., Passenger = John Riggins, DropoffLocation = Rua Visconde de Niterói, 1338-1406 - Benfica, Rio - Rio de Janeiro, Brazil
				Pickup location Rua Elpídio Boamorte, 157-191 - Praça da Bandeira, Rio - Rio de Janeiro, 20270-170, Brazil is outside of coverage area
					Trip was rejected by TripThru
	Time = 13/01/2014 08:32:09 a. m.
		Luxor Cab - SF
			Ready for dispatch: Trip11, Status = Queued, Origination/Service = Local, PickupLocation = Rua Elpídio Boamorte, 157-191 - Praça da Bandeira, Rio - Rio de Janeiro, 20270-170, Brazil, PickupTime = 13/01/2014 08:31:56 a. m., Passenger = John Riggins, DropoffLocation = Rua Visconde de Niterói, 1338-1406 - Benfica, Rio - Rio de Janeiro, Brazil
				Pickup location Rua Elpídio Boamorte, 157-191 - Praça da Bandeira, Rio - Rio de Janeiro, 20270-170, Brazil is outside of coverage area
					Trip was rejected by TripThru
